objc[29311]: Class AXEmojiUtilities is implemented in both /Applications/Xcode.app/Contents/Developer/Platforms/iPhoneSimulator.platform/Developer/SDKs/iPhoneSimulator7.1.sdk/System/Library/PrivateFrameworks/AccessibilityUtilities.framework/AccessibilityUtilities and /Applications/Xcode.app/Contents/Developer/Platforms/iPhoneSimulator.platform/Developer/SDKs/iPhoneSimulator7.1.sdk/usr/lib/libAXSpeechManager.dylib. One of the two will be used. Which one is undefined.
2014-09-04 15:56:30.005 LocalYogi[29311:70b] Cannot find executable for CFBundle 0xa3ca800 </Applications/Xcode.app/Contents/Developer/Platforms/iPhoneSimulator.platform/Developer/SDKs/iPhoneSimulator7.1.sdk/System/Library/AccessibilityBundles/GeoServices.axbundle> (not loaded)
2014-09-04 15:56:30.009 LocalYogi[29311:70b] Cannot find executable for CFBundle 0xa3e83c0 </Applications/Xcode.app/Contents/Developer/Platforms/iPhoneSimulator.platform/Developer/SDKs/iPhoneSimulator7.1.sdk/System/Library/AccessibilityBundles/CertUIFramework.axbundle> (not loaded)
2014-09-04 15:56:30.599 LocalYogi[29311:70b] Multi-tasking -> Device: YES, App: YES
2014-09-04 15:56:31.062 LocalYogi[29311:70b] Unlimited access to network resources
2014-09-04 15:56:31.090 LocalYogi[29311:70b] 

Started backup to iCloud! Please be careful.
Your application might rejected by Apple if you store too much data.
For more information please read "iOS Data Storage Guidelines"
You could find it at the following address https://developer.apple.com/icloud/documentation/data-storage/ .

2014-09-04 15:56:36.298 LocalYogi[29311:70b] Resetting plugins due to page load.
2014-09-04 15:56:40.279 LocalYogi[29311:70b] Finished load of: file:///Users/DFGranados/Library/Application%20Support/iPhone%20Simulator/7.1/Applications/9BE3B010-9803-4525-AEDE-EF0CF0ED5860/LocalYogi.app/www/index.html
objc[31639]: Class AXEmojiUtilities is implemented in both /Applications/Xcode.app/Contents/Developer/Platforms/iPhoneSimulator.platform/Developer/SDKs/iPhoneSimulator7.1.sdk/System/Library/PrivateFrameworks/AccessibilityUtilities.framework/AccessibilityUtilities and /Applications/Xcode.app/Contents/Developer/Platforms/iPhoneSimulator.platform/Developer/SDKs/iPhoneSimulator7.1.sdk/usr/lib/libAXSpeechManager.dylib. One of the two will be used. Which one is undefined.
2014-09-05 10:33:44.612 LocalYogi[31639:70b] Cannot find executable for CFBundle 0xa4c0c50 </Applications/Xcode.app/Contents/Developer/Platforms/iPhoneSimulator.platform/Developer/SDKs/iPhoneSimulator7.1.sdk/System/Library/AccessibilityBundles/GeoServices.axbundle> (not loaded)
2014-09-05 10:33:44.618 LocalYogi[31639:70b] Cannot find executable for CFBundle 0xa374200 </Applications/Xcode.app/Contents/Developer/Platforms/iPhoneSimulator.platform/Developer/SDKs/iPhoneSimulator7.1.sdk/System/Library/AccessibilityBundles/CertUIFramework.axbundle> (not loaded)
2014-09-05 10:33:44.643 LocalYogi[31639:70b] Multi-tasking -> Device: YES, App: YES
2014-09-05 10:33:44.807 LocalYogi[31639:70b] Unlimited access to network resources
2014-09-05 10:33:44.829 LocalYogi[31639:70b] 

Started backup to iCloud! Please be careful.
Your application might rejected by Apple if you store too much data.
For more information please read "iOS Data Storage Guidelines"
You could find it at the following address https://developer.apple.com/icloud/documentation/data-storage/ .

2014-09-05 10:33:46.165 LocalYogi[31639:70b] Resetting plugins due to page load.
2014-09-05 10:33:46.855 LocalYogi[31639:70b] Finished load of: file:///Users/DFGranados/Library/Application%20Support/iPhone%20Simulator/7.1/Applications/9BE3B010-9803-4525-AEDE-EF0CF0ED5860/LocalYogi.app/www/index.html
objc[33608]: Class AXEmojiUtilities is implemented in both /Applications/Xcode.app/Contents/Developer/Platforms/iPhoneSimulator.platform/Developer/SDKs/iPhoneSimulator7.1.sdk/System/Library/PrivateFrameworks/AccessibilityUtilities.framework/AccessibilityUtilities and /Applications/Xcode.app/Contents/Developer/Platforms/iPhoneSimulator.platform/Developer/SDKs/iPhoneSimulator7.1.sdk/usr/lib/libAXSpeechManager.dylib. One of the two will be used. Which one is undefined.
2014-09-05 16:11:48.558 LocalYogi[33608:70b] Cannot find executable for CFBundle 0xa725440 </Applications/Xcode.app/Contents/Developer/Platforms/iPhoneSimulator.platform/Developer/SDKs/iPhoneSimulator7.1.sdk/System/Library/AccessibilityBundles/GeoServices.axbundle> (not loaded)
2014-09-05 16:11:48.563 LocalYogi[33608:70b] Cannot find executable for CFBundle 0xa284d60 </Applications/Xcode.app/Contents/Developer/Platforms/iPhoneSimulator.platform/Developer/SDKs/iPhoneSimulator7.1.sdk/System/Library/AccessibilityBundles/CertUIFramework.axbundle> (not loaded)
2014-09-05 16:11:48.584 LocalYogi[33608:70b] Multi-tasking -> Device: YES, App: YES
2014-09-05 16:11:48.647 LocalYogi[33608:70b] Unlimited access to network resources
2014-09-05 16:11:48.670 LocalYogi[33608:70b] 

Started backup to iCloud! Please be careful.
Your application might rejected by Apple if you store too much data.
For more information please read "iOS Data Storage Guidelines"
You could find it at the following address https://developer.apple.com/icloud/documentation/data-storage/ .

2014-09-05 16:11:50.059 LocalYogi[33608:70b] Resetting plugins due to page load.
2014-09-05 16:11:50.679 LocalYogi[33608:70b] Finished load of: file:///Users/DFGranados/Library/Application%20Support/iPhone%20Simulator/7.1/Applications/9BE3B010-9803-4525-AEDE-EF0CF0ED5860/LocalYogi.app/www/index.html
objc[33841]: Class AXEmojiUtilities is implemented in both /Applications/Xcode.app/Contents/Developer/Platforms/iPhoneSimulator.platform/Developer/SDKs/iPhoneSimulator7.1.sdk/System/Library/PrivateFrameworks/AccessibilityUtilities.framework/AccessibilityUtilities and /Applications/Xcode.app/Contents/Developer/Platforms/iPhoneSimulator.platform/Developer/SDKs/iPhoneSimulator7.1.sdk/usr/lib/libAXSpeechManager.dylib. One of the two will be used. Which one is undefined.
2014-09-05 16:12:34.833 LocalYogi[33841:70b] Cannot find executable for CFBundle 0xa52cdd0 </Applications/Xcode.app/Contents/Developer/Platforms/iPhoneSimulator.platform/Developer/SDKs/iPhoneSimulator7.1.sdk/System/Library/AccessibilityBundles/GeoServices.axbundle> (not loaded)
2014-09-05 16:12:34.838 LocalYogi[33841:70b] Cannot find executable for CFBundle 0xa54e6f0 </Applications/Xcode.app/Contents/Developer/Platforms/iPhoneSimulator.platform/Developer/SDKs/iPhoneSimulator7.1.sdk/System/Library/AccessibilityBundles/CertUIFramework.axbundle> (not loaded)
2014-09-05 16:12:34.860 LocalYogi[33841:70b] Multi-tasking -> Device: YES, App: YES
2014-09-05 16:12:34.865 LocalYogi[33841:70b] Unlimited access to network resources
2014-09-05 16:12:34.867 LocalYogi[33841:70b] 

Started backup to iCloud! Please be careful.
Your application might rejected by Apple if you store too much data.
For more information please read "iOS Data Storage Guidelines"
You could find it at the following address https://developer.apple.com/icloud/documentation/data-storage/ .

2014-09-05 16:12:34.917 LocalYogi[33841:70b] Resetting plugins due to page load.
2014-09-05 16:12:35.353 LocalYogi[33841:70b] Finished load of: file:///Users/DFGranados/Library/Application%20Support/iPhone%20Simulator/7.1/Applications/9BE3B010-9803-4525-AEDE-EF0CF0ED5860/LocalYogi.app/www/index.html
objc[34073]: Class AXEmojiUtilities is implemented in both /Applications/Xcode.app/Contents/Developer/Platforms/iPhoneSimulator.platform/Developer/SDKs/iPhoneSimulator7.1.sdk/System/Library/PrivateFrameworks/AccessibilityUtilities.framework/AccessibilityUtilities and /Applications/Xcode.app/Contents/Developer/Platforms/iPhoneSimulator.platform/Developer/SDKs/iPhoneSimulator7.1.sdk/usr/lib/libAXSpeechManager.dylib. One of the two will be used. Which one is undefined.
2014-09-05 16:13:30.523 LocalYogi[34073:70b] Cannot find executable for CFBundle 0xa280250 </Applications/Xcode.app/Contents/Developer/Platforms/iPhoneSimulator.platform/Developer/SDKs/iPhoneSimulator7.1.sdk/System/Library/AccessibilityBundles/GeoServices.axbundle> (not loaded)
2014-09-05 16:13:30.528 LocalYogi[34073:70b] Cannot find executable for CFBundle 0xb956a50 </Applications/Xcode.app/Contents/Developer/Platforms/iPhoneSimulator.platform/Developer/SDKs/iPhoneSimulator7.1.sdk/System/Library/AccessibilityBundles/CertUIFramework.axbundle> (not loaded)
2014-09-05 16:13:30.550 LocalYogi[34073:70b] Multi-tasking -> Device: YES, App: YES
2014-09-05 16:13:30.556 LocalYogi[34073:70b] Unlimited access to network resources
2014-09-05 16:13:30.558 LocalYogi[34073:70b] 

Started backup to iCloud! Please be careful.
Your application might rejected by Apple if you store too much data.
For more information please read "iOS Data Storage Guidelines"
You could find it at the following address https://developer.apple.com/icloud/documentation/data-storage/ .

2014-09-05 16:13:30.608 LocalYogi[34073:70b] Resetting plugins due to page load.
2014-09-05 16:13:30.959 LocalYogi[34073:70b] Finished load of: file:///Users/DFGranados/Library/Application%20Support/iPhone%20Simulator/7.1/Applications/9BE3B010-9803-4525-AEDE-EF0CF0ED5860/LocalYogi.app/www/index.html
objc[34568]: Class AXEmojiUtilities is implemented in both /Applications/Xcode.app/Contents/Developer/Platforms/iPhoneSimulator.platform/Developer/SDKs/iPhoneSimulator7.1.sdk/System/Library/PrivateFrameworks/AccessibilityUtilities.framework/AccessibilityUtilities and /Applications/Xcode.app/Contents/Developer/Platforms/iPhoneSimulator.platform/Developer/SDKs/iPhoneSimulator7.1.sdk/usr/lib/libAXSpeechManager.dylib. One of the two will be used. Which one is undefined.
2014-09-05 16:16:59.792 LocalYogi[34568:70b] Cannot find executable for CFBundle 0xa722890 </Applications/Xcode.app/Contents/Developer/Platforms/iPhoneSimulator.platform/Developer/SDKs/iPhoneSimulator7.1.sdk/System/Library/AccessibilityBundles/CertUIFramework.axbundle> (not loaded)
2014-09-05 16:16:59.798 LocalYogi[34568:70b] Cannot find executable for CFBundle 0xc319400 </Applications/Xcode.app/Contents/Developer/Platforms/iPhoneSimulator.platform/Developer/SDKs/iPhoneSimulator7.1.sdk/System/Library/AccessibilityBundles/GeoServices.axbundle> (not loaded)
2014-09-05 16:16:59.821 LocalYogi[34568:70b] Multi-tasking -> Device: YES, App: YES
2014-09-05 16:16:59.826 LocalYogi[34568:70b] Unlimited access to network resources
2014-09-05 16:16:59.829 LocalYogi[34568:70b] 

Started backup to iCloud! Please be careful.
Your application might rejected by Apple if you store too much data.
For more information please read "iOS Data Storage Guidelines"
You could find it at the following address https://developer.apple.com/icloud/documentation/data-storage/ .

2014-09-05 16:16:59.879 LocalYogi[34568:70b] Resetting plugins due to page load.
2014-09-05 16:17:00.161 LocalYogi[34568:70b] Finished load of: file:///Users/DFGranados/Library/Application%20Support/iPhone%20Simulator/7.1/Applications/9BE3B010-9803-4525-AEDE-EF0CF0ED5860/LocalYogi.app/www/index.html
objc[34812]: Class AXEmojiUtilities is implemented in both /Applications/Xcode.app/Contents/Developer/Platforms/iPhoneSimulator.platform/Developer/SDKs/iPhoneSimulator7.1.sdk/System/Library/PrivateFrameworks/AccessibilityUtilities.framework/AccessibilityUtilities and /Applications/Xcode.app/Contents/Developer/Platforms/iPhoneSimulator.platform/Developer/SDKs/iPhoneSimulator7.1.sdk/usr/lib/libAXSpeechManager.dylib. One of the two will be used. Which one is undefined.
2014-09-05 16:19:39.345 LocalYogi[34812:70b] Cannot find executable for CFBundle 0xc88d5a0 </Applications/Xcode.app/Contents/Developer/Platforms/iPhoneSimulator.platform/Developer/SDKs/iPhoneSimulator7.1.sdk/System/Library/AccessibilityBundles/GeoServices.axbundle> (not loaded)
2014-09-05 16:19:39.350 LocalYogi[34812:70b] Cannot find executable for CFBundle 0xa45a050 </Applications/Xcode.app/Contents/Developer/Platforms/iPhoneSimulator.platform/Developer/SDKs/iPhoneSimulator7.1.sdk/System/Library/AccessibilityBundles/CertUIFramework.axbundle> (not loaded)
2014-09-05 16:19:39.370 LocalYogi[34812:70b] Multi-tasking -> Device: YES, App: YES
2014-09-05 16:19:39.376 LocalYogi[34812:70b] Unlimited access to network resources
2014-09-05 16:19:39.378 LocalYogi[34812:70b] 

Started backup to iCloud! Please be careful.
Your application might rejected by Apple if you store too much data.
For more information please read "iOS Data Storage Guidelines"
You could find it at the following address https://developer.apple.com/icloud/documentation/data-storage/ .

2014-09-05 16:19:39.427 LocalYogi[34812:70b] Resetting plugins due to page load.
2014-09-05 16:19:39.677 LocalYogi[34812:70b] Finished load of: file:///Users/DFGranados/Library/Application%20Support/iPhone%20Simulator/7.1/Applications/9BE3B010-9803-4525-AEDE-EF0CF0ED5860/LocalYogi.app/www/index.html
objc[35218]: Class AXEmojiUtilities is implemented in both /Applications/Xcode.app/Contents/Developer/Platforms/iPhoneSimulator.platform/Developer/SDKs/iPhoneSimulator7.1.sdk/System/Library/PrivateFrameworks/AccessibilityUtilities.framework/AccessibilityUtilities and /Applications/Xcode.app/Contents/Developer/Platforms/iPhoneSimulator.platform/Developer/SDKs/iPhoneSimulator7.1.sdk/usr/lib/libAXSpeechManager.dylib. One of the two will be used. Which one is undefined.
2014-09-05 16:45:22.169 LocalYogi[35218:70b] Cannot find executable for CFBundle 0xa552600 </Applications/Xcode.app/Contents/Developer/Platforms/iPhoneSimulator.platform/Developer/SDKs/iPhoneSimulator7.1.sdk/System/Library/AccessibilityBundles/CertUIFramework.axbundle> (not loaded)
2014-09-05 16:45:22.175 LocalYogi[35218:70b] Cannot find executable for CFBundle 0xa44ba10 </Applications/Xcode.app/Contents/Developer/Platforms/iPhoneSimulator.platform/Developer/SDKs/iPhoneSimulator7.1.sdk/System/Library/AccessibilityBundles/GeoServices.axbundle> (not loaded)
2014-09-05 16:45:22.244 LocalYogi[35218:70b] Multi-tasking -> Device: YES, App: YES
2014-09-05 16:45:22.250 LocalYogi[35218:70b] Unlimited access to network resources
2014-09-05 16:45:22.252 LocalYogi[35218:70b] 

Started backup to iCloud! Please be careful.
Your application might rejected by Apple if you store too much data.
For more information please read "iOS Data Storage Guidelines"
You could find it at the following address https://developer.apple.com/icloud/documentation/data-storage/ .

2014-09-05 16:45:22.352 LocalYogi[35218:70b] Resetting plugins due to page load.
2014-09-05 16:45:22.646 LocalYogi[35218:70b] Finished load of: file:///Users/DFGranados/Library/Application%20Support/iPhone%20Simulator/7.1/Applications/9BE3B010-9803-4525-AEDE-EF0CF0ED5860/LocalYogi.app/www/index.html
objc[35468]: Class AXEmojiUtilities is implemented in both /Applications/Xcode.app/Contents/Developer/Platforms/iPhoneSimulator.platform/Developer/SDKs/iPhoneSimulator7.1.sdk/System/Library/PrivateFrameworks/AccessibilityUtilities.framework/AccessibilityUtilities and /Applications/Xcode.app/Contents/Developer/Platforms/iPhoneSimulator.platform/Developer/SDKs/iPhoneSimulator7.1.sdk/usr/lib/libAXSpeechManager.dylib. One of the two will be used. Which one is undefined.
2014-09-05 16:48:05.931 LocalYogi[35468:70b] Cannot find executable for CFBundle 0xbb2bff0 </Applications/Xcode.app/Contents/Developer/Platforms/iPhoneSimulator.platform/Developer/SDKs/iPhoneSimulator7.1.sdk/System/Library/AccessibilityBundles/CertUIFramework.axbundle> (not loaded)
2014-09-05 16:48:05.935 LocalYogi[35468:70b] Cannot find executable for CFBundle 0xa236d00 </Applications/Xcode.app/Contents/Developer/Platforms/iPhoneSimulator.platform/Developer/SDKs/iPhoneSimulator7.1.sdk/System/Library/AccessibilityBundles/GeoServices.axbundle> (not loaded)
2014-09-05 16:48:06.010 LocalYogi[35468:70b] Multi-tasking -> Device: YES, App: YES
2014-09-05 16:48:06.016 LocalYogi[35468:70b] Unlimited access to network resources
2014-09-05 16:48:06.018 LocalYogi[35468:70b] 

Started backup to iCloud! Please be careful.
Your application might rejected by Apple if you store too much data.
For more information please read "iOS Data Storage Guidelines"
You could find it at the following address https://developer.apple.com/icloud/documentation/data-storage/ .

2014-09-05 16:48:06.460 LocalYogi[35468:70b] Resetting plugins due to page load.
2014-09-05 16:48:06.741 LocalYogi[35468:70b] Finished load of: file:///Users/DFGranados/Library/Application%20Support/iPhone%20Simulator/7.1/Applications/9BE3B010-9803-4525-AEDE-EF0CF0ED5860/LocalYogi.app/www/index.html
objc[35703]: Class AXEmojiUtilities is implemented in both /Applications/Xcode.app/Contents/Developer/Platforms/iPhoneSimulator.platform/Developer/SDKs/iPhoneSimulator7.1.sdk/System/Library/PrivateFrameworks/AccessibilityUtilities.framework/AccessibilityUtilities and /Applications/Xcode.app/Contents/Developer/Platforms/iPhoneSimulator.platform/Developer/SDKs/iPhoneSimulator7.1.sdk/usr/lib/libAXSpeechManager.dylib. One of the two will be used. Which one is undefined.
2014-09-05 16:48:52.995 LocalYogi[35703:70b] Cannot find executable for CFBundle 0xa48e970 </Applications/Xcode.app/Contents/Developer/Platforms/iPhoneSimulator.platform/Developer/SDKs/iPhoneSimulator7.1.sdk/System/Library/AccessibilityBundles/CertUIFramework.axbundle> (not loaded)
2014-09-05 16:48:52.999 LocalYogi[35703:70b] Cannot find executable for CFBundle 0xa779ba0 </Applications/Xcode.app/Contents/Developer/Platforms/iPhoneSimulator.platform/Developer/SDKs/iPhoneSimulator7.1.sdk/System/Library/AccessibilityBundles/GeoServices.axbundle> (not loaded)
2014-09-05 16:48:53.019 LocalYogi[35703:70b] Multi-tasking -> Device: YES, App: YES
2014-09-05 16:48:53.024 LocalYogi[35703:70b] Unlimited access to network resources
2014-09-05 16:48:53.027 LocalYogi[35703:70b] 

Started backup to iCloud! Please be careful.
Your application might rejected by Apple if you store too much data.
For more information please read "iOS Data Storage Guidelines"
You could find it at the following address https://developer.apple.com/icloud/documentation/data-storage/ .

2014-09-05 16:48:53.078 LocalYogi[35703:70b] Resetting plugins due to page load.
2014-09-05 16:48:53.403 LocalYogi[35703:70b] Finished load of: file:///Users/DFGranados/Library/Application%20Support/iPhone%20Simulator/7.1/Applications/9BE3B010-9803-4525-AEDE-EF0CF0ED5860/LocalYogi.app/www/index.html
objc[35948]: Class AXEmojiUtilities is implemented in both /Applications/Xcode.app/Contents/Developer/Platforms/iPhoneSimulator.platform/Developer/SDKs/iPhoneSimulator7.1.sdk/System/Library/PrivateFrameworks/AccessibilityUtilities.framework/AccessibilityUtilities and /Applications/Xcode.app/Contents/Developer/Platforms/iPhoneSimulator.platform/Developer/SDKs/iPhoneSimulator7.1.sdk/usr/lib/libAXSpeechManager.dylib. One of the two will be used. Which one is undefined.
2014-09-05 16:51:31.571 LocalYogi[35948:70b] Cannot find executable for CFBundle 0xa23cd60 </Applications/Xcode.app/Contents/Developer/Platforms/iPhoneSimulator.platform/Developer/SDKs/iPhoneSimulator7.1.sdk/System/Library/AccessibilityBundles/CertUIFramework.axbundle> (not loaded)
2014-09-05 16:51:31.576 LocalYogi[35948:70b] Cannot find executable for CFBundle 0xa391050 </Applications/Xcode.app/Contents/Developer/Platforms/iPhoneSimulator.platform/Developer/SDKs/iPhoneSimulator7.1.sdk/System/Library/AccessibilityBundles/GeoServices.axbundle> (not loaded)
2014-09-05 16:51:31.597 LocalYogi[35948:70b] Multi-tasking -> Device: YES, App: YES
2014-09-05 16:51:31.603 LocalYogi[35948:70b] Unlimited access to network resources
2014-09-05 16:51:31.605 LocalYogi[35948:70b] 

Started backup to iCloud! Please be careful.
Your application might rejected by Apple if you store too much data.
For more information please read "iOS Data Storage Guidelines"
You could find it at the following address https://developer.apple.com/icloud/documentation/data-storage/ .

2014-09-05 16:51:31.656 LocalYogi[35948:70b] Resetting plugins due to page load.
2014-09-05 16:51:32.090 LocalYogi[35948:70b] Finished load of: file:///Users/DFGranados/Library/Application%20Support/iPhone%20Simulator/7.1/Applications/9BE3B010-9803-4525-AEDE-EF0CF0ED5860/LocalYogi.app/www/index.html
Terminating in response to SpringBoard's termination.
